[0.130s] DEBUG:colcon:Command line arguments: ['/usr/bin/colcon', 'build', '--packages-select', 'drone_control']
[0.130s] DEBUG:colcon:Parsed command line arguments: Namespace(log_base=None, log_level=None, verb_name='build', build_base='build', install_base='install', merge_install=False, symlink_install=False, test_result_base=None, continue_on_error=False, executor='parallel', parallel_workers=12, event_handlers=None, ignore_user_meta=False, metas=['./colcon.meta'], base_paths=['.'], packages_ignore=None, packages_ignore_regex=None, paths=None, packages_up_to=None, packages_up_to_regex=None, packages_above=None, packages_above_and_dependencies=None, packages_above_depth=None, packages_select_by_dep=None, packages_skip_by_dep=None, packages_skip_up_to=None, packages_select_build_failed=False, packages_skip_build_finished=False, packages_select_test_failures=False, packages_skip_test_passed=False, packages_select=['drone_control'], packages_skip=None, packages_select_regex=None, packages_skip_regex=None, packages_start=None, packages_end=None, allow_overriding=[], cmake_args=None, cmake_target=None, cmake_target_skip_unavailable=False, cmake_clean_cache=False, cmake_clean_first=False, cmake_force_configure=False, ament_cmake_args=None, catkin_cmake_args=None, catkin_skip_building_tests=False, mixin_files=None, mixin=None, verb_parser=<colcon_mixin.mixin.mixin_argument.MixinArgumentDecorator object at 0x77a9fbdc3640>, verb_extension=<colcon_core.verb.build.BuildVerb object at 0x77a9fc0034c0>, main=<bound method BuildVerb.main of <colcon_core.verb.build.BuildVerb object at 0x77a9fc0034c0>>, mixin_verb=('build',))
[0.162s] Level 1:colcon.colcon_core.package_discovery:discover_packages(colcon_meta) check parameters
[0.162s] Level 1:colcon.colcon_core.package_discovery:discover_packages(recursive) check parameters
[0.162s] Level 1:colcon.colcon_core.package_discovery:discover_packages(ignore) check parameters
[0.162s] Level 1:colcon.colcon_core.package_discovery:discover_packages(path) check parameters
[0.162s] Level 1:colcon.colcon_core.package_discovery:discover_packages(colcon_meta) discover
[0.162s] Level 1:colcon.colcon_core.package_discovery:discover_packages(recursive) discover
[0.162s] INFO:colcon.colcon_core.package_discovery:Crawling recursively for packages in '/home/nagateja/ws_drone/src/drone_control'
[0.163s] Level 1:colcon.colcon_core.package_identification:_identify(.) by extensions ['ignore', 'ignore_ament_install']
[0.163s] Level 1:colcon.colcon_core.package_identification:_identify(.) by extension 'ignore'
[0.163s] Level 1:colcon.colcon_core.package_identification:_identify(.) by extension 'ignore_ament_install'
[0.163s] Level 1:colcon.colcon_core.package_identification:_identify(.) by extensions ['colcon_pkg']
[0.163s] Level 1:colcon.colcon_core.package_identification:_identify(.) by extension 'colcon_pkg'
[0.163s] Level 1:colcon.colcon_core.package_identification:_identify(.) by extensions ['colcon_meta']
[0.163s] Level 1:colcon.colcon_core.package_identification:_identify(.) by extension 'colcon_meta'
[0.163s] Level 1:colcon.colcon_core.package_identification:_identify(.) by extensions ['ros']
[0.163s] Level 1:colcon.colcon_core.package_identification:_identify(.) by extension 'ros'
[0.175s] DEBUG:colcon.colcon_core.package_identification:Package '.' with type 'ros.ament_cmake' and name 'drone_control'
[0.175s] Level 1:colcon.colcon_core.package_discovery:discover_packages(recursive) using defaults
[0.175s] Level 1:colcon.colcon_core.package_discovery:discover_packages(ignore) discover
[0.175s] Level 1:colcon.colcon_core.package_discovery:discover_packages(ignore) using defaults
[0.175s] Level 1:colcon.colcon_core.package_discovery:discover_packages(path) discover
[0.175s] Level 1:colcon.colcon_core.package_discovery:discover_packages(path) using defaults
[0.207s] Level 1:colcon.colcon_core.package_discovery:discover_packages(prefix_path) check parameters
[0.208s] Level 1:colcon.colcon_core.package_discovery:discover_packages(prefix_path) discover
[0.211s] DEBUG:colcon.colcon_installed_package_information.package_discovery:Found 1 installed packages in /home/nagateja/ws_drone/install
[0.213s] DEBUG:colcon.colcon_installed_package_information.package_discovery:Found 55 installed packages in /home/nagateja/ws_moveit/install
[0.213s] DEBUG:colcon.colcon_installed_package_information.package_discovery:Found 1 installed packages in /home/nagateja/main/install
[0.213s] DEBUG:colcon.colcon_installed_package_information.package_discovery:Found 1 installed packages in /home/nagateja/ydlidar_ros2_ws/install
[0.214s] DEBUG:colcon.colcon_installed_package_information.package_discovery:Found 1 installed packages in /home/nagateja/robot_ws/install
[0.215s] DEBUG:colcon.colcon_installed_package_information.package_discovery:Found 379 installed packages in /opt/ros/humble
[0.217s] Level 1:colcon.colcon_core.package_discovery:discover_packages(prefix_path) using defaults
[0.268s] Level 5:colcon.colcon_core.verb:set package 'drone_control' build argument 'cmake_args' from command line to 'None'
[0.268s] Level 5:colcon.colcon_core.verb:set package 'drone_control' build argument 'cmake_target' from command line to 'None'
[0.268s] Level 5:colcon.colcon_core.verb:set package 'drone_control' build argument 'cmake_target_skip_unavailable' from command line to 'False'
[0.268s] Level 5:colcon.colcon_core.verb:set package 'drone_control' build argument 'cmake_clean_cache' from command line to 'False'
[0.268s] Level 5:colcon.colcon_core.verb:set package 'drone_control' build argument 'cmake_clean_first' from command line to 'False'
[0.268s] Level 5:colcon.colcon_core.verb:set package 'drone_control' build argument 'cmake_force_configure' from command line to 'False'
[0.268s] Level 5:colcon.colcon_core.verb:set package 'drone_control' build argument 'ament_cmake_args' from command line to 'None'
[0.268s] Level 5:colcon.colcon_core.verb:set package 'drone_control' build argument 'catkin_cmake_args' from command line to 'None'
[0.268s] Level 5:colcon.colcon_core.verb:set package 'drone_control' build argument 'catkin_skip_building_tests' from command line to 'False'
[0.268s] DEBUG:colcon.colcon_core.verb:Building package 'drone_control' with the following arguments: {'ament_cmake_args': None, 'build_base': '/home/nagateja/ws_drone/src/drone_control/build/drone_control', 'catkin_cmake_args': None, 'catkin_skip_building_tests': False, 'cmake_args': None, 'cmake_clean_cache': False, 'cmake_clean_first': False, 'cmake_force_configure': False, 'cmake_target': None, 'cmake_target_skip_unavailable': False, 'install_base': '/home/nagateja/ws_drone/src/drone_control/install/drone_control', 'merge_install': False, 'path': '/home/nagateja/ws_drone/src/drone_control', 'symlink_install': False, 'test_result_base': None}
[0.268s] INFO:colcon.colcon_core.executor:Executing jobs using 'parallel' executor
[0.269s] DEBUG:colcon.colcon_parallel_executor.executor.parallel:run_until_complete
[0.270s] INFO:colcon.colcon_ros.task.ament_cmake.build:Building ROS package in '/home/nagateja/ws_drone/src/drone_control' with build type 'ament_cmake'
[0.270s] INFO:colcon.colcon_cmake.task.cmake.build:Building CMake package in '/home/nagateja/ws_drone/src/drone_control'
[0.272s] INFO:colcon.colcon_core.plugin_system:Skipping extension 'colcon_core.shell.bat': Not used on non-Windows systems
[0.272s] INFO:colcon.colcon_core.shell:Skip shell extension 'powershell' for command environment: Not usable outside of PowerShell
[0.272s] DEBUG:colcon.colcon_core.shell:Skip shell extension 'dsv' for command environment
[0.284s] DEBUG:colcon.colcon_core.event_handler.log_command:Invoking command in '/home/nagateja/ws_drone/src/drone_control/build/drone_control': CMAKE_PREFIX_PATH=${CMAKE_PREFIX_PATH}:/home/nagateja/ws_moveit/install/moveit_configs_utils:/home/nagateja/ws_moveit/install/launch_param_builder:/home/nagateja/robot_ws/install/robo_pkg_ros2:/opt/ros/humble /usr/bin/cmake /home/nagateja/ws_drone/src/drone_control -DCMAKE_INSTALL_PREFIX=/home/nagateja/ws_drone/src/drone_control/install/drone_control
[2.443s] DEBUG:colcon.colcon_core.event_handler.log_command:Invoked command in '/home/nagateja/ws_drone/src/drone_control/build/drone_control' returned '0': CMAKE_PREFIX_PATH=${CMAKE_PREFIX_PATH}:/home/nagateja/ws_moveit/install/moveit_configs_utils:/home/nagateja/ws_moveit/install/launch_param_builder:/home/nagateja/robot_ws/install/robo_pkg_ros2:/opt/ros/humble /usr/bin/cmake /home/nagateja/ws_drone/src/drone_control -DCMAKE_INSTALL_PREFIX=/home/nagateja/ws_drone/src/drone_control/install/drone_control
[2.444s] DEBUG:colcon.colcon_core.event_handler.log_command:Invoking command in '/home/nagateja/ws_drone/src/drone_control/build/drone_control': CMAKE_PREFIX_PATH=${CMAKE_PREFIX_PATH}:/home/nagateja/ws_moveit/install/moveit_configs_utils:/home/nagateja/ws_moveit/install/launch_param_builder:/home/nagateja/robot_ws/install/robo_pkg_ros2:/opt/ros/humble /usr/bin/cmake --build /home/nagateja/ws_drone/src/drone_control/build/drone_control -- -j12 -l12
[5.306s] DEBUG:colcon.colcon_core.event_handler.log_command:Invoked command in '/home/nagateja/ws_drone/src/drone_control/build/drone_control' returned '2': CMAKE_PREFIX_PATH=${CMAKE_PREFIX_PATH}:/home/nagateja/ws_moveit/install/moveit_configs_utils:/home/nagateja/ws_moveit/install/launch_param_builder:/home/nagateja/robot_ws/install/robo_pkg_ros2:/opt/ros/humble /usr/bin/cmake --build /home/nagateja/ws_drone/src/drone_control/build/drone_control -- -j12 -l12
[5.307s] Level 1:colcon.colcon_core.environment:create_environment_scripts_only(drone_control)
[5.309s] Level 1:colcon.colcon_core.environment:checking '/home/nagateja/ws_drone/src/drone_control/install/drone_control' for CMake module files
[5.309s] Level 1:colcon.colcon_core.environment:checking '/home/nagateja/ws_drone/src/drone_control/install/drone_control' for CMake config files
[5.309s] Level 1:colcon.colcon_core.environment:checking '/home/nagateja/ws_drone/src/drone_control/install/drone_control/bin'
[5.309s] Level 1:colcon.colcon_core.environment:checking '/home/nagateja/ws_drone/src/drone_control/install/drone_control/lib/pkgconfig/drone_control.pc'
[5.309s] Level 1:colcon.colcon_core.environment:checking '/home/nagateja/ws_drone/src/drone_control/install/drone_control/lib/python3.10/site-packages'
[5.309s] Level 1:colcon.colcon_core.environment:checking '/home/nagateja/ws_drone/src/drone_control/install/drone_control/bin'
[5.309s] INFO:colcon.colcon_core.shell:Creating package script '/home/nagateja/ws_drone/src/drone_control/install/drone_control/share/drone_control/package.ps1'
[5.310s] INFO:colcon.colcon_core.shell:Creating package descriptor '/home/nagateja/ws_drone/src/drone_control/install/drone_control/share/drone_control/package.dsv'
[5.311s] INFO:colcon.colcon_core.shell:Creating package script '/home/nagateja/ws_drone/src/drone_control/install/drone_control/share/drone_control/package.sh'
[5.311s] INFO:colcon.colcon_core.shell:Creating package script '/home/nagateja/ws_drone/src/drone_control/install/drone_control/share/drone_control/package.bash'
[5.312s] INFO:colcon.colcon_core.shell:Creating package script '/home/nagateja/ws_drone/src/drone_control/install/drone_control/share/drone_control/package.zsh'
[5.312s] Level 1:colcon.colcon_core.environment:create_file_with_runtime_dependencies(/home/nagateja/ws_drone/src/drone_control/install/drone_control/share/colcon-core/packages/drone_control)
[5.322s] DEBUG:colcon.colcon_parallel_executor.executor.parallel:closing loop
[5.322s] DEBUG:colcon.colcon_parallel_executor.executor.parallel:loop closed
[5.323s] DEBUG:colcon.colcon_parallel_executor.executor.parallel:run_until_complete finished with '2'
[5.323s] DEBUG:colcon.colcon_core.event_reactor:joining thread
[5.328s] INFO:colcon.colcon_core.plugin_system:Skipping extension 'colcon_notification.desktop_notification.terminal_notifier': Not used on non-Darwin systems
[5.328s] INFO:colcon.colcon_core.plugin_system:Skipping extension 'colcon_notification.desktop_notification.win32': Not used on non-Windows systems
[5.328s] INFO:colcon.colcon_notification.desktop_notification:Sending desktop notification using 'notify2'
[5.336s] DEBUG:colcon.colcon_core.event_reactor:joined thread
[5.336s] INFO:colcon.colcon_core.shell:Creating prefix script '/home/nagateja/ws_drone/src/drone_control/install/local_setup.ps1'
[5.337s] INFO:colcon.colcon_core.shell:Creating prefix util module '/home/nagateja/ws_drone/src/drone_control/install/_local_setup_util_ps1.py'
[5.338s] INFO:colcon.colcon_core.shell:Creating prefix chain script '/home/nagateja/ws_drone/src/drone_control/install/setup.ps1'
[5.341s] INFO:colcon.colcon_core.shell:Creating prefix script '/home/nagateja/ws_drone/src/drone_control/install/local_setup.sh'
[5.341s] INFO:colcon.colcon_core.shell:Creating prefix util module '/home/nagateja/ws_drone/src/drone_control/install/_local_setup_util_sh.py'
[5.342s] INFO:colcon.colcon_core.shell:Creating prefix chain script '/home/nagateja/ws_drone/src/drone_control/install/setup.sh'
[5.344s] INFO:colcon.colcon_core.shell:Creating prefix script '/home/nagateja/ws_drone/src/drone_control/install/local_setup.bash'
[5.345s] INFO:colcon.colcon_core.shell:Creating prefix chain script '/home/nagateja/ws_drone/src/drone_control/install/setup.bash'
[5.347s] INFO:colcon.colcon_core.shell:Creating prefix script '/home/nagateja/ws_drone/src/drone_control/install/local_setup.zsh'
[5.348s] INFO:colcon.colcon_core.shell:Creating prefix chain script '/home/nagateja/ws_drone/src/drone_control/install/setup.zsh'
