[0.015s] Invoking command in '/home/nagateja/ws_drone/src/drone_control/build/drone_control': CMAKE_PREFIX_PATH=${CMAKE_PREFIX_PATH}:/home/nagateja/ws_moveit/install/moveit_configs_utils:/home/nagateja/ws_moveit/install/launch_param_builder:/home/nagateja/robot_ws/install/robo_pkg_ros2:/opt/ros/humble /usr/bin/cmake /home/nagateja/ws_drone/src/drone_control -DCMAKE_INSTALL_PREFIX=/home/nagateja/ws_drone/src/drone_control/install/drone_control
[0.107s] -- The C compiler identification is GNU 11.4.0
[0.170s] -- The CXX compiler identification is GNU 11.4.0
[0.183s] -- Detecting C compiler ABI info
[0.259s] -- Detecting C compiler ABI info - done
[0.264s] -- Check for working C compiler: /usr/lib/ccache/cc - skipped
[0.265s] -- Detecting C compile features
[0.265s] -- Detecting C compile features - done
[0.268s] -- Detecting CXX compiler ABI info
[0.353s] -- Detecting CXX compiler ABI info - done
[0.358s] -- Check for working CXX compiler: /usr/lib/ccache/c++ - skipped
[0.358s] -- Detecting CXX compile features
[0.359s] -- Detecting CXX compile features - done
[0.379s] -- Found ament_cmake: 1.3.11 (/opt/ros/humble/share/ament_cmake/cmake)
[0.737s] -- Found Python3: /usr/bin/python3 (found version "3.10.12") found components: Interpreter 
[0.926s] -- Found rclcpp: 16.0.12 (/opt/ros/humble/share/rclcpp/cmake)
[1.048s] -- Found rosidl_generator_c: 3.1.6 (/opt/ros/humble/share/rosidl_generator_c/cmake)
[1.067s] -- Found rosidl_adapter: 3.1.6 (/opt/ros/humble/share/rosidl_adapter/cmake)
[1.089s] -- Found rosidl_generator_cpp: 3.1.6 (/opt/ros/humble/share/rosidl_generator_cpp/cmake)
[1.119s] -- Using all available rosidl_typesupport_c: rosidl_typesupport_fastrtps_c;rosidl_typesupport_introspection_c
[1.156s] -- Using all available rosidl_typesupport_cpp: rosidl_typesupport_fastrtps_cpp;rosidl_typesupport_introspection_cpp
[1.272s] -- Found rmw_implementation_cmake: 6.1.2 (/opt/ros/humble/share/rmw_implementation_cmake/cmake)
[1.283s] -- Found rmw_fastrtps_cpp: 6.2.7 (/opt/ros/humble/share/rmw_fastrtps_cpp/cmake)
[1.450s] -- Found OpenSSL: /usr/lib/x86_64-linux-gnu/libcrypto.so (found version "3.0.2")  
[1.490s] -- Found FastRTPS: /opt/ros/humble/include  
[1.552s] -- Using RMW implementation 'rmw_fastrtps_cpp' as default
[1.581s] -- Looking for pthread.h
[1.691s] -- Looking for pthread.h - found
[1.691s] -- Performing Test CMAKE_HAVE_LIBC_PTHREAD
[1.800s] -- Performing Test CMAKE_HAVE_LIBC_PTHREAD - Success
[1.801s] -- Found Threads: TRUE  
[1.887s] -- Found mavros_msgs: 2.10.1 (/opt/ros/humble/share/mavros_msgs/cmake)
[2.004s] -- Found ament_lint_auto: 0.12.12 (/opt/ros/humble/share/ament_lint_auto/cmake)
[2.128s] -- Added test 'cppcheck' to perform static code analysis on C / C++ code
[2.128s] -- Configured cppcheck include dirs: /home/nagateja/ws_drone/src/drone_control/include
[2.128s] -- Configured cppcheck exclude dirs and/or files: 
[2.132s] -- Added test 'lint_cmake' to check CMake code style
[2.143s] -- Added test 'uncrustify' to check C / C++ code style
[2.143s] -- Configured uncrustify additional arguments: 
[2.145s] -- Added test 'xmllint' to check XML markup files
[2.148s] -- Configuring done
[2.158s] -- Generating done
[2.161s] -- Build files have been written to: /home/nagateja/ws_drone/src/drone_control/build/drone_control
[2.173s] Invoked command in '/home/nagateja/ws_drone/src/drone_control/build/drone_control' returned '0': CMAKE_PREFIX_PATH=${CMAKE_PREFIX_PATH}:/home/nagateja/ws_moveit/install/moveit_configs_utils:/home/nagateja/ws_moveit/install/launch_param_builder:/home/nagateja/robot_ws/install/robo_pkg_ros2:/opt/ros/humble /usr/bin/cmake /home/nagateja/ws_drone/src/drone_control -DCMAKE_INSTALL_PREFIX=/home/nagateja/ws_drone/src/drone_control/install/drone_control
[2.174s] Invoking command in '/home/nagateja/ws_drone/src/drone_control/build/drone_control': CMAKE_PREFIX_PATH=${CMAKE_PREFIX_PATH}:/home/nagateja/ws_moveit/install/moveit_configs_utils:/home/nagateja/ws_moveit/install/launch_param_builder:/home/nagateja/robot_ws/install/robo_pkg_ros2:/opt/ros/humble /usr/bin/cmake --build /home/nagateja/ws_drone/src/drone_control/build/drone_control -- -j12 -l12
[2.250s] [ 50%] [32mBuilding CXX object CMakeFiles/takeoff_node.dir/src/takeoff_node.cpp.o[0m
[5.032s] In file included from [01m[K/home/nagateja/ws_drone/src/drone_control/src/takeoff_node.cpp:78[m[K:
[5.032s] [01m[K/home/nagateja/ws_drone/src/drone_control/include/drone_control/gnc_functions.hpp:[m[K In function ‘[01m[Kbool drone_control::arm_drone(rclcpp::Node::SharedPtr)[m[K’:
[5.032s] [01m[K/home/nagateja/ws_drone/src/drone_control/include/drone_control/gnc_functions.hpp:14:35:[m[K [01;31m[Kerror: [m[Kunable to find numeric literal operator ‘[01m[Koperator""s[m[K’
[5.032s]    14 |     if (!client->wait_for_service([01;31m[K5s[m[K)) {
[5.032s]       |                                   [01;31m[K^~[m[K
[5.032s] [01m[K/home/nagateja/ws_drone/src/drone_control/include/drone_control/gnc_functions.hpp:[m[K In function ‘[01m[Kbool drone_control::takeoff(rclcpp::Node::SharedPtr, double)[m[K’:
[5.032s] [01m[K/home/nagateja/ws_drone/src/drone_control/include/drone_control/gnc_functions.hpp:35:35:[m[K [01;31m[Kerror: [m[Kunable to find numeric literal operator ‘[01m[Koperator""s[m[K’
[5.032s]    35 |     if (!client->wait_for_service([01;31m[K5s[m[K)) {
[5.032s]       |                                   [01;31m[K^~[m[K
[5.033s] gmake[2]: *** [CMakeFiles/takeoff_node.dir/build.make:76: CMakeFiles/takeoff_node.dir/src/takeoff_node.cpp.o] Error 1
[5.033s] gmake[1]: *** [CMakeFiles/Makefile2:137: CMakeFiles/takeoff_node.dir/all] Error 2
[5.034s] gmake: *** [Makefile:146: all] Error 2
[5.036s] Invoked command in '/home/nagateja/ws_drone/src/drone_control/build/drone_control' returned '2': CMAKE_PREFIX_PATH=${CMAKE_PREFIX_PATH}:/home/nagateja/ws_moveit/install/moveit_configs_utils:/home/nagateja/ws_moveit/install/launch_param_builder:/home/nagateja/robot_ws/install/robo_pkg_ros2:/opt/ros/humble /usr/bin/cmake --build /home/nagateja/ws_drone/src/drone_control/build/drone_control -- -j12 -l12
